<?xml version="1.0" encoding="UTF-8"?>
<testsuite name="com.kucuktech.lab.recipes.service.DishServiceTest" tests="4" skipped="0" failures="0" errors="0" timestamp="2022-09-16T08:50:43" hostname="MBPvanMuttalip.home" time="0.032">
  <properties/>
  <testcase name="shouldUpdateNonExistingDish()" classname="com.kucuktech.lab.recipes.service.DishServiceTest" time="0.014"/>
  <testcase name="shouldUpdateExistingDish()" classname="com.kucuktech.lab.recipes.service.DishServiceTest" time="0.005"/>
  <testcase name="shouldCreateDish()" classname="com.kucuktech.lab.recipes.service.DishServiceTest" time="0.004"/>
  <testcase name="shouldSearchDish()" classname="com.kucuktech.lab.recipes.service.DishServiceTest" time="0.005"/>
  <system-out><![CDATA[2022-09-16 10:50:42.925  INFO 36004 --- [    Test worker] .b.t.c.SpringBootTestContextBootstrapper : Neither @ContextConfiguration nor @ContextHierarchy found for test class [com.kucuktech.lab.recipes.service.DishServiceTest], using SpringBootContextLoader
2022-09-16 10:50:42.925  INFO 36004 --- [    Test worker] o.s.t.c.support.AbstractContextLoader    : Could not detect default resource locations for test class [com.kucuktech.lab.recipes.service.DishServiceTest]: no resource found for suffixes {-context.xml, Context.groovy}.
2022-09-16 10:50:42.926  INFO 36004 --- [    Test worker] t.c.s.AnnotationConfigContextLoaderUtils : Could not detect default configuration classes for test class [com.kucuktech.lab.recipes.service.DishServiceTest]: DishServiceTest does not declare any static, non-private, non-final, nested classes annotated with @Configuration.
2022-09-16 10:50:42.929  INFO 36004 --- [    Test worker] .b.t.c.SpringBootTestContextBootstrapper : Found @SpringBootConfiguration com.kucuktech.lab.recipes.RecipesApplication for test class com.kucuktech.lab.recipes.service.DishServiceTest
2022-09-16 10:50:42.930  INFO 36004 --- [    Test worker] .b.t.c.SpringBootTestContextBootstrapper : Loaded default TestExecutionListener class names from location [META-INF/spring.factories]: [org.springframework.boot.test.autoconfigure.restdocs.RestDocsTestExecutionListener, org.springframework.boot.test.autoconfigure.web.client.MockRestServiceServerResetTestExecutionListener, org.springframework.boot.test.autoconfigure.web.servlet.MockMvcPrintOnlyOnFailureTestExecutionListener, org.springframework.boot.test.autoconfigure.web.servlet.WebDriverTestExecutionListener, org.springframework.boot.test.autoconfigure.webservices.client.MockWebServiceServerTestExecutionListener, org.springframework.boot.test.mock.mockito.MockitoTestExecutionListener, org.springframework.boot.test.mock.mockito.ResetMocksTestExecutionListener, org.springframework.test.context.web.ServletTestExecutionListener, org.springframework.test.context.support.DirtiesContextBeforeModesTestExecutionListener, org.springframework.test.context.event.ApplicationEventsTestExecutionListener, org.springframework.test.context.support.DependencyInjectionTestExecutionListener, org.springframework.test.context.support.DirtiesContextTestExecutionListener, org.springframework.test.context.transaction.TransactionalTestExecutionListener, org.springframework.test.context.jdbc.SqlScriptsTestExecutionListener, org.springframework.test.context.event.EventPublishingTestExecutionListener]
2022-09-16 10:50:42.931  INFO 36004 --- [    Test worker] .b.t.c.SpringBootTestContextBootstrapper : Using TestExecutionListeners: [org.springframework.test.context.web.ServletTestExecutionListener@1322eeeb, org.springframework.test.context.support.DirtiesContextBeforeModesTestExecutionListener@493f323d, org.springframework.test.context.event.ApplicationEventsTestExecutionListener@548a0d88, org.springframework.boot.test.mock.mockito.MockitoTestExecutionListener@3544f0b2, org.springframework.boot.test.autoconfigure.SpringBootDependencyInjectionTestExecutionListener@31151547, org.springframework.test.context.support.DirtiesContextTestExecutionListener@10b6782, org.springframework.test.context.transaction.TransactionalTestExecutionListener@5e9dc66, org.springframework.test.context.jdbc.SqlScriptsTestExecutionListener@173a6d09, org.springframework.test.context.event.EventPublishingTestExecutionListener@e1ced84, org.springframework.boot.test.autoconfigure.restdocs.RestDocsTestExecutionListener@54f1acb2, org.springframework.boot.test.autoconfigure.web.client.MockRestServiceServerResetTestExecutionListener@1f3050a6, org.springframework.boot.test.autoconfigure.web.servlet.MockMvcPrintOnlyOnFailureTestExecutionListener@5b26246c, org.springframework.boot.test.autoconfigure.web.servlet.WebDriverTestExecutionListener@32bf9241, org.springframework.boot.test.autoconfigure.webservices.client.MockWebServiceServerTestExecutionListener@6b722c98, org.springframework.boot.test.mock.mockito.ResetMocksTestExecutionListener@765ae430]
]]></system-out>
  <system-err><![CDATA[]]></system-err>
</testsuite>
