<?xml version="1.0" encoding="UTF-8"?>
<testsuite name="com.kucuktech.lab.recipes.request.SearchRequestTest" tests="2" skipped="0" failures="0" errors="0" timestamp="2022-09-16T08:50:42" hostname="MBPvanMuttalip.home" time="0.002">
  <properties/>
  <testcase name="testGetFilters()" classname="com.kucuktech.lab.recipes.request.SearchRequestTest" time="0.001"/>
  <testcase name="testGetNoFiltersWhenThereAreNoFilters()" classname="com.kucuktech.lab.recipes.request.SearchRequestTest" time="0.001"/>
  <system-out><![CDATA[]]></system-out>
  <system-err><![CDATA[]]></system-err>
</testsuite>
