<?xml version="1.0" encoding="UTF-8"?>
<testsuite name="com.kucuktech.lab.recipes.controller.DishControllerIT" tests="4" skipped="0" failures="0" errors="0" timestamp="2022-09-16T08:50:42" hostname="MBPvanMuttalip.home" time="0.682">
  <properties/>
  <testcase name="shouldRetrieveOvenDishesWithoutSalmon" classname="com.kucuktech.lab.recipes.controller.DishControllerIT" time="0.606"/>
  <testcase name="shouldRetrieveAllVegetarianDishes" classname="com.kucuktech.lab.recipes.controller.DishControllerIT" time="0.024"/>
  <testcase name="shouldRetrieveAllDishes" classname="com.kucuktech.lab.recipes.controller.DishControllerIT" time="0.022"/>
  <testcase name="shouldRetrievePotatoDishesFor4Persons" classname="com.kucuktech.lab.recipes.controller.DishControllerIT" time="0.025"/>
  <system-out><![CDATA[2022-09-16 10:50:41.129  INFO 36004 --- [    Test worker] .b.t.c.SpringBootTestContextBootstrapper : Neither @ContextConfiguration nor @ContextHierarchy found for test class [com.kucuktech.lab.recipes.controller.DishControllerIT], using SpringBootContextLoader
2022-09-16 10:50:41.130  INFO 36004 --- [    Test worker] o.s.t.c.support.AbstractContextLoader    : Could not detect default resource locations for test class [com.kucuktech.lab.recipes.controller.DishControllerIT]: no resource found for suffixes {-context.xml, Context.groovy}.
2022-09-16 10:50:41.130  INFO 36004 --- [    Test worker] t.c.s.AnnotationConfigContextLoaderUtils : Could not detect default configuration classes for test class [com.kucuktech.lab.recipes.controller.DishControllerIT]: DishControllerIT does not declare any static, non-private, non-final, nested classes annotated with @Configuration.
2022-09-16 10:50:41.143  INFO 36004 --- [    Test worker] .b.t.c.SpringBootTestContextBootstrapper : Found @SpringBootConfiguration com.kucuktech.lab.recipes.RecipesApplication for test class com.kucuktech.lab.recipes.controller.DishControllerIT
2022-09-16 10:50:41.144  INFO 36004 --- [    Test worker] .b.t.c.SpringBootTestContextBootstrapper : Loaded default TestExecutionListener class names from location [META-INF/spring.factories]: [org.springframework.boot.test.autoconfigure.restdocs.RestDocsTestExecutionListener, org.springframework.boot.test.autoconfigure.web.client.MockRestServiceServerResetTestExecutionListener, org.springframework.boot.test.autoconfigure.web.servlet.MockMvcPrintOnlyOnFailureTestExecutionListener, org.springframework.boot.test.autoconfigure.web.servlet.WebDriverTestExecutionListener, org.springframework.boot.test.autoconfigure.webservices.client.MockWebServiceServerTestExecutionListener, org.springframework.boot.test.mock.mockito.MockitoTestExecutionListener, org.springframework.boot.test.mock.mockito.ResetMocksTestExecutionListener, org.springframework.test.context.web.ServletTestExecutionListener, org.springframework.test.context.support.DirtiesContextBeforeModesTestExecutionListener, org.springframework.test.context.event.ApplicationEventsTestExecutionListener, org.springframework.test.context.support.DependencyInjectionTestExecutionListener, org.springframework.test.context.support.DirtiesContextTestExecutionListener, org.springframework.test.context.transaction.TransactionalTestExecutionListener, org.springframework.test.context.jdbc.SqlScriptsTestExecutionListener, org.springframework.test.context.event.EventPublishingTestExecutionListener]
2022-09-16 10:50:41.145  INFO 36004 --- [    Test worker] .b.t.c.SpringBootTestContextBootstrapper : Using TestExecutionListeners: [org.springframework.test.context.web.ServletTestExecutionListener@51485383, org.springframework.test.context.support.DirtiesContextBeforeModesTestExecutionListener@5d0c5251, org.springframework.test.context.event.ApplicationEventsTestExecutionListener@287f0369, org.springframework.boot.test.mock.mockito.MockitoTestExecutionListener@2b697117, org.springframework.boot.test.autoconfigure.SpringBootDependencyInjectionTestExecutionListener@38aeebb2, org.springframework.test.context.support.DirtiesContextTestExecutionListener@78fa82c, org.springframework.test.context.transaction.TransactionalTestExecutionListener@57bb97ff, org.springframework.test.context.jdbc.SqlScriptsTestExecutionListener@373aa5d6, org.springframework.test.context.event.EventPublishingTestExecutionListener@78863bf8, org.springframework.boot.test.autoconfigure.restdocs.RestDocsTestExecutionListener@2b2220c, org.springframework.boot.test.autoconfigure.web.client.MockRestServiceServerResetTestExecutionListener@9bd49ca, org.springframework.boot.test.autoconfigure.web.servlet.MockMvcPrintOnlyOnFailureTestExecutionListener@6bcb493e, org.springframework.boot.test.autoconfigure.web.servlet.WebDriverTestExecutionListener@225be644, org.springframework.boot.test.autoconfigure.webservices.client.MockWebServiceServerTestExecutionListener@316a1241, org.springframework.boot.test.mock.mockito.ResetMocksTestExecutionListener@527afebf]

  .   ____          _            __ _ _
 /\\ / ___'_ __ _ _(_)_ __  __ _ \ \ \ \
( ( )\___ | '_ | '_| | '_ \/ _` | \ \ \ \
 \\/  ___)| |_)| | | | | || (_| |  ) ) ) )
  '  |____| .__|_| |_|_| |_\__, | / / / /
 =========|_|==============|___/=/_/_/_/
 :: Spring Boot ::                (v2.7.3)

2022-09-16 10:50:41.165  INFO 36004 --- [    Test worker] c.k.l.r.controller.DishControllerIT      : Starting DishControllerIT using Java 16.0.2 on MBPvanMuttalip.home with PID 36004 (started by kucuk in /Users/kucuk/kucuklab/recipes)
2022-09-16 10:50:41.165  INFO 36004 --- [    Test worker] c.k.l.r.controller.DishControllerIT      : No active profile set, falling back to 1 default profile: "default"
2022-09-16 10:50:41.303  INFO 36004 --- [    Test worker] .s.d.r.c.RepositoryConfigurationDelegate : Bootstrapping Spring Data JPA repositories in DEFAULT mode.
2022-09-16 10:50:41.309  INFO 36004 --- [    Test worker] .s.d.r.c.RepositoryConfigurationDelegate : Finished Spring Data repository scanning in 5 ms. Found 1 JPA repository interfaces.
2022-09-16 10:50:41.410  INFO 36004 --- [    Test worker] o.hibernate.jpa.internal.util.LogHelper  : HHH000204: Processing PersistenceUnitInfo [name: default]
2022-09-16 10:50:41.414  INFO 36004 --- [    Test worker] com.zaxxer.hikari.HikariDataSource       : HikariPool-2 - Starting...
2022-09-16 10:50:41.415  INFO 36004 --- [    Test worker] com.zaxxer.hikari.HikariDataSource       : HikariPool-2 - Start completed.
2022-09-16 10:50:41.415  INFO 36004 --- [    Test worker] org.hibernate.dialect.Dialect            : HHH000400: Using dialect: org.hibernate.dialect.H2Dialect
2022-09-16 10:50:41.441  INFO 36004 --- [    Test worker] o.h.e.t.j.p.i.JtaPlatformInitiator       : HHH000490: Using JtaPlatform implementation: [org.hibernate.engine.transaction.jta.platform.internal.NoJtaPlatform]
2022-09-16 10:50:41.442  INFO 36004 --- [    Test worker] j.LocalContainerEntityManagerFactoryBean : Initialized JPA EntityManagerFactory for persistence unit 'default'
2022-09-16 10:50:41.583  WARN 36004 --- [    Test worker] JpaBaseConfiguration$JpaWebConfiguration : spring.jpa.open-in-view is enabled by default. Therefore, database queries may be performed during view rendering. Explicitly configure spring.jpa.open-in-view to disable this warning
2022-09-16 10:50:41.655  INFO 36004 --- [    Test worker] o.s.b.a.h2.H2ConsoleAutoConfiguration    : H2 console available at '/h2-console'. Database available at 'jdbc:h2:mem:db'
2022-09-16 10:50:42.080  INFO 36004 --- [    Test worker] o.s.b.t.m.w.SpringBootMockServletContext : Initializing Spring TestDispatcherServlet ''
2022-09-16 10:50:42.081  INFO 36004 --- [    Test worker] o.s.t.web.servlet.TestDispatcherServlet  : Initializing Servlet ''
2022-09-16 10:50:42.083  INFO 36004 --- [    Test worker] o.s.t.web.servlet.TestDispatcherServlet  : Completed initialization in 2 ms
2022-09-16 10:50:42.095  INFO 36004 --- [    Test worker] c.k.l.r.controller.DishControllerIT      : Started DishControllerIT in 0.949 seconds (JVM running for 8.553)
2022-09-16 10:50:42.304  INFO 36004 --- [    Test worker] c.k.l.r.request.SearchSpecification      : Filter: ingredients NOT_LIKE salmon
2022-09-16 10:50:42.309  INFO 36004 --- [    Test worker] c.k.l.r.request.SearchSpecification      : Filter: instructions LIKE oven
Hibernate: select dish0_.id as id1_0_, dish0_.ingredients as ingredie2_0_, dish0_.instructions as instruct3_0_, dish0_.servings as servings4_0_, dish0_.vegetarian as vegetari5_0_ from dish dish0_ where (upper(dish0_.instructions) like ?) and (upper(dish0_.ingredients) not like ?) and ?=?

MockHttpServletRequest:
      HTTP Method = POST
      Request URI = /dish/search
       Parameters = {}
          Headers = [Content-Type:"application/json;charset=UTF-8", Accept:"application/json", Content-Length:"266"]
             Body = {
  "filters": [
    {
      "key": "ingredients",
      "operator": "NOT_LIKE",
      "field_type": "STRING",
      "value": "salmon"
    },
    {
      "key": "instructions",
      "operator": "LIKE",
      "field_type": "STRING",
      "value": "oven"
    }
  ]
}
    Session Attrs = {}

Handler:
             Type = com.kucuktech.lab.recipes.controller.DishController
           Method = com.kucuktech.lab.recipes.controller.DishController#search(SearchRequest)

Async:
    Async started = false
     Async result = null

Resolved Exception:
             Type = null

ModelAndView:
        View name = null
             View = null
            Model = null

FlashMap:
       Attributes = null

MockHttpServletResponse:
           Status = 200
    Error message = null
          Headers = [Content-Type:"application/json"]
     Content type = application/json
             Body = [{"id":1,"vegetarian":true,"servings":1,"ingredients":"[tomato, pepper, eggplant]","instructions":"Put all ingredients in the oven."}]
    Forwarded URL = null
   Redirected URL = null
          Cookies = []
Hibernate: select dish0_.id as id1_0_, dish0_.ingredients as ingredie2_0_, dish0_.instructions as instruct3_0_, dish0_.servings as servings4_0_, dish0_.vegetarian as vegetari5_0_ from dish dish0_
2022-09-16 10:50:42.718  INFO 36004 --- [    Test worker] c.k.l.r.request.SearchSpecification      : Filter: vegetarian EQUAL true
Hibernate: select dish0_.id as id1_0_, dish0_.ingredients as ingredie2_0_, dish0_.instructions as instruct3_0_, dish0_.servings as servings4_0_, dish0_.vegetarian as vegetari5_0_ from dish dish0_ where dish0_.vegetarian=? and ?=?

MockHttpServletRequest:
      HTTP Method = POST
      Request URI = /dish/search
       Parameters = {}
          Headers = [Content-Type:"application/json;charset=UTF-8", Accept:"application/json", Content-Length:"141"]
             Body = {
  "filters": [
    {
      "key": "vegetarian",
      "operator": "EQUAL",
      "field_type": "BOOLEAN",
      "value": "true"
    }
  ]
}
    Session Attrs = {}

Handler:
             Type = com.kucuktech.lab.recipes.controller.DishController
           Method = com.kucuktech.lab.recipes.controller.DishController#search(SearchRequest)

Async:
    Async started = false
     Async result = null

Resolved Exception:
             Type = null

ModelAndView:
        View name = null
             View = null
            Model = null

FlashMap:
       Attributes = null

MockHttpServletResponse:
           Status = 200
    Error message = null
          Headers = [Content-Type:"application/json"]
     Content type = application/json
             Body = [{"id":1,"vegetarian":true,"servings":1,"ingredients":"[tomato, pepper, eggplant]","instructions":"Put all ingredients in the oven."},{"id":4,"vegetarian":true,"servings":4,"ingredients":"[potatoes]","instructions":"Put the potatoes in the air fryer."}]
    Forwarded URL = null
   Redirected URL = null
          Cookies = []
Hibernate: select dish0_.id as id1_0_, dish0_.ingredients as ingredie2_0_, dish0_.instructions as instruct3_0_, dish0_.servings as servings4_0_, dish0_.vegetarian as vegetari5_0_ from dish dish0_
Hibernate: select dish0_.id as id1_0_, dish0_.ingredients as ingredie2_0_, dish0_.instructions as instruct3_0_, dish0_.servings as servings4_0_, dish0_.vegetarian as vegetari5_0_ from dish dish0_ where ?=?

MockHttpServletRequest:
      HTTP Method = POST
      Request URI = /dish/search
       Parameters = {}
          Headers = [Content-Type:"application/json;charset=UTF-8", Accept:"application/json", Content-Length:"19"]
             Body = {
  "filters": []
}
    Session Attrs = {}

Handler:
             Type = com.kucuktech.lab.recipes.controller.DishController
           Method = com.kucuktech.lab.recipes.controller.DishController#search(SearchRequest)

Async:
    Async started = false
     Async result = null

Resolved Exception:
             Type = null

ModelAndView:
        View name = null
             View = null
            Model = null

FlashMap:
       Attributes = null

MockHttpServletResponse:
           Status = 200
    Error message = null
          Headers = [Content-Type:"application/json"]
     Content type = application/json
             Body = [{"id":1,"vegetarian":true,"servings":1,"ingredients":"[tomato, pepper, eggplant]","instructions":"Put all ingredients in the oven."},{"id":2,"vegetarian":false,"servings":2,"ingredients":"[chicken breast]","instructions":"Bake the chicken breasts."},{"id":3,"vegetarian":false,"servings":3,"ingredients":"[salmon, carrot]","instructions":"Put all ingredients in the oven."},{"id":4,"vegetarian":true,"servings":4,"ingredients":"[potatoes]","instructions":"Put the potatoes in the air fryer."}]
    Forwarded URL = null
   Redirected URL = null
          Cookies = []
Hibernate: select dish0_.id as id1_0_, dish0_.ingredients as ingredie2_0_, dish0_.instructions as instruct3_0_, dish0_.servings as servings4_0_, dish0_.vegetarian as vegetari5_0_ from dish dish0_
2022-09-16 10:50:42.767  INFO 36004 --- [    Test worker] c.k.l.r.request.SearchSpecification      : Filter: servings EQUAL 4
2022-09-16 10:50:42.769  INFO 36004 --- [    Test worker] c.k.l.r.request.SearchSpecification      : Filter: ingredients LIKE potatoes
Hibernate: select dish0_.id as id1_0_, dish0_.ingredients as ingredie2_0_, dish0_.instructions as instruct3_0_, dish0_.servings as servings4_0_, dish0_.vegetarian as vegetari5_0_ from dish dish0_ where (upper(dish0_.ingredients) like ?) and dish0_.servings=4 and ?=?

MockHttpServletRequest:
      HTTP Method = POST
      Request URI = /dish/search
       Parameters = {}
          Headers = [Content-Type:"application/json;charset=UTF-8", Accept:"application/json", Content-Length:"259"]
             Body = {
  "filters": [
    {
      "key": "servings",
      "operator": "EQUAL",
      "field_type": "INTEGER",
      "value": "4"
    },
    {
      "key": "ingredients",
      "operator": "LIKE",
      "field_type": "STRING",
      "value": "potatoes"
    }
  ]
}
    Session Attrs = {}

Handler:
             Type = com.kucuktech.lab.recipes.controller.DishController
           Method = com.kucuktech.lab.recipes.controller.DishController#search(SearchRequest)

Async:
    Async started = false
     Async result = null

Resolved Exception:
             Type = null

ModelAndView:
        View name = null
             View = null
            Model = null

FlashMap:
       Attributes = null

MockHttpServletResponse:
           Status = 200
    Error message = null
          Headers = [Content-Type:"application/json"]
     Content type = application/json
             Body = [{"id":4,"vegetarian":true,"servings":4,"ingredients":"[potatoes]","instructions":"Put the potatoes in the air fryer."}]
    Forwarded URL = null
   Redirected URL = null
          Cookies = []
Hibernate: select dish0_.id as id1_0_, dish0_.ingredients as ingredie2_0_, dish0_.instructions as instruct3_0_, dish0_.servings as servings4_0_, dish0_.vegetarian as vegetari5_0_ from dish dish0_
]]></system-out>
  <system-err><![CDATA[]]></system-err>
</testsuite>
