<?xml version="1.0" encoding="UTF-8"?>
<testsuite name="com.kucuktech.lab.recipes.controller.DishControllerTest" tests="4" skipped="0" failures="0" errors="0" timestamp="2022-09-16T08:50:42" hostname="MBPvanMuttalip.home" time="0.042">
  <properties/>
  <testcase name="testCreate()" classname="com.kucuktech.lab.recipes.controller.DishControllerTest" time="0.026"/>
  <testcase name="testDelete()" classname="com.kucuktech.lab.recipes.controller.DishControllerTest" time="0.004"/>
  <testcase name="testSearch()" classname="com.kucuktech.lab.recipes.controller.DishControllerTest" time="0.004"/>
  <testcase name="testUpdate()" classname="com.kucuktech.lab.recipes.controller.DishControllerTest" time="0.004"/>
  <system-out><![CDATA[2022-09-16 10:50:42.788  INFO 36004 --- [    Test worker] .b.t.c.SpringBootTestContextBootstrapper : Neither @ContextConfiguration nor @ContextHierarchy found for test class [com.kucuktech.lab.recipes.controller.DishControllerTest], using SpringBootContextLoader
2022-09-16 10:50:42.788  INFO 36004 --- [    Test worker] o.s.t.c.support.AbstractContextLoader    : Could not detect default resource locations for test class [com.kucuktech.lab.recipes.controller.DishControllerTest]: no resource found for suffixes {-context.xml, Context.groovy}.
2022-09-16 10:50:42.789  INFO 36004 --- [    Test worker] t.c.s.AnnotationConfigContextLoaderUtils : Could not detect default configuration classes for test class [com.kucuktech.lab.recipes.controller.DishControllerTest]: DishControllerTest does not declare any static, non-private, non-final, nested classes annotated with @Configuration.
2022-09-16 10:50:42.790  INFO 36004 --- [    Test worker] .b.t.c.SpringBootTestContextBootstrapper : Found @SpringBootConfiguration com.kucuktech.lab.recipes.RecipesApplication for test class com.kucuktech.lab.recipes.controller.DishControllerTest
2022-09-16 10:50:42.791  INFO 36004 --- [    Test worker] .b.t.c.SpringBootTestContextBootstrapper : Loaded default TestExecutionListener class names from location [META-INF/spring.factories]: [org.springframework.boot.test.autoconfigure.restdocs.RestDocsTestExecutionListener, org.springframework.boot.test.autoconfigure.web.client.MockRestServiceServerResetTestExecutionListener, org.springframework.boot.test.autoconfigure.web.servlet.MockMvcPrintOnlyOnFailureTestExecutionListener, org.springframework.boot.test.autoconfigure.web.servlet.WebDriverTestExecutionListener, org.springframework.boot.test.autoconfigure.webservices.client.MockWebServiceServerTestExecutionListener, org.springframework.boot.test.mock.mockito.MockitoTestExecutionListener, org.springframework.boot.test.mock.mockito.ResetMocksTestExecutionListener, org.springframework.test.context.web.ServletTestExecutionListener, org.springframework.test.context.support.DirtiesContextBeforeModesTestExecutionListener, org.springframework.test.context.event.ApplicationEventsTestExecutionListener, org.springframework.test.context.support.DependencyInjectionTestExecutionListener, org.springframework.test.context.support.DirtiesContextTestExecutionListener, org.springframework.test.context.transaction.TransactionalTestExecutionListener, org.springframework.test.context.jdbc.SqlScriptsTestExecutionListener, org.springframework.test.context.event.EventPublishingTestExecutionListener]
2022-09-16 10:50:42.791  INFO 36004 --- [    Test worker] .b.t.c.SpringBootTestContextBootstrapper : Using TestExecutionListeners: [org.springframework.test.context.web.ServletTestExecutionListener@12d6aad5, org.springframework.test.context.support.DirtiesContextBeforeModesTestExecutionListener@4f6a0f78, org.springframework.test.context.event.ApplicationEventsTestExecutionListener@7b35b15c, org.springframework.boot.test.mock.mockito.MockitoTestExecutionListener@198ad979, org.springframework.boot.test.autoconfigure.SpringBootDependencyInjectionTestExecutionListener@3ead589f, org.springframework.test.context.support.DirtiesContextTestExecutionListener@21a391fd, org.springframework.test.context.transaction.TransactionalTestExecutionListener@774a6bc4, org.springframework.test.context.jdbc.SqlScriptsTestExecutionListener@38442545, org.springframework.test.context.event.EventPublishingTestExecutionListener@6cf9fb72, org.springframework.boot.test.autoconfigure.restdocs.RestDocsTestExecutionListener@5168a369, org.springframework.boot.test.autoconfigure.web.client.MockRestServiceServerResetTestExecutionListener@75d8e6cb, org.springframework.boot.test.autoconfigure.web.servlet.MockMvcPrintOnlyOnFailureTestExecutionListener@6c2f8b38, org.springframework.boot.test.autoconfigure.web.servlet.WebDriverTestExecutionListener@4faedfa4, org.springframework.boot.test.autoconfigure.webservices.client.MockWebServiceServerTestExecutionListener@5b494ed3, org.springframework.boot.test.mock.mockito.ResetMocksTestExecutionListener@691505cf]
]]></system-out>
  <system-err><![CDATA[]]></system-err>
</testsuite>
