<?xml version="1.0" encoding="UTF-8"?>
<testsuite name="com.kucuktech.lab.recipes.request.FieldTypeTest" tests="3" skipped="0" failures="0" errors="0" timestamp="2022-09-16T08:50:42" hostname="MBPvanMuttalip.home" time="0.011">
  <properties/>
  <testcase name="testParseString()" classname="com.kucuktech.lab.recipes.request.FieldTypeTest" time="0.007"/>
  <testcase name="testParseBoolean()" classname="com.kucuktech.lab.recipes.request.FieldTypeTest" time="0.001"/>
  <testcase name="testParseInteger()" classname="com.kucuktech.lab.recipes.request.FieldTypeTest" time="0.002"/>
  <system-out><![CDATA[]]></system-out>
  <system-err><![CDATA[]]></system-err>
</testsuite>
